<?xml version="1.0" encoding="UTF-8"?>
<!-- Generated by org.testng.reporters.JUnitXMLReporter -->
<testsuite ignored="0" hostname="NICOO" failures="0" tests="4" name="Default test" time="45.793" errors="0" timestamp="2020-11-01T11:29:13 SAST">
  <testcase classname="OMF_Test_Suite.OMF_AssessmentTestsFirefox" name="HomePageVerificationFireFox" time="7.917"/>
  <testcase classname="OMF_Test_Suite.OMF_AssessmentTestsFirefox" name="PersonalLoan_Verification" time="13.564"/>
  <testcase classname="OMF_Test_Suite.OMF_AssessmentTestsFirefox" name="Calculator_Verification" time="12.678"/>
  <testcase classname="OMF_Test_Suite.OMF_AssessmentTestsFirefox" name="TermCapital_Verification" time="11.605"/>
</testsuite> <!-- Default test -->
